{
  error: TypeError: DatabaseManager is not a constructor
      at Object.<anonymous> (C:\Users\ASUS\interview-master\server\index.js:139:19)
      at Module._compile (node:internal/modules/cjs/loader:1364:14)
      at Module._extensions..js (node:internal/modules/cjs/loader:1422:10)
      at Module.load (node:internal/modules/cjs/loader:1203:32)
      at Module._load (node:internal/modules/cjs/loader:1019:12)
      at Function.executeUserEntryPoint [as runMain] (node:internal/modules/run_main:128:12)
      at node:internal/main/run_main_module:28:49,
  level: 'error',
  message: 'uncaughtException: DatabaseManager is not a constructor\n' +
    'TypeError: DatabaseManager is not a constructor\n' +
    '    at Object.<anonymous> (C:\\Users\\ASUS\\interview-master\\server\\index.js:139:19)\n' +
    '    at Module._compile (node:internal/modules/cjs/loader:1364:14)\n' +
    '    at Module._extensions..js (node:internal/modules/cjs/loader:1422:10)\n' +
    '    at Module.load (node:internal/modules/cjs/loader:1203:32)\n' +
    '    at Module._load (node:internal/modules/cjs/loader:1019:12)\n' +
    '    at Function.executeUserEntryPoint [as runMain] (node:internal/modules/run_main:128:12)\n' +
    '    at node:internal/main/run_main_module:28:49',
  stack: 'TypeError: DatabaseManager is not a constructor\n' +
    '    at Object.<anonymous> (C:\\Users\\ASUS\\interview-master\\server\\index.js:139:19)\n' +
    '    at Module._compile (node:internal/modules/cjs/loader:1364:14)\n' +
    '    at Module._extensions..js (node:internal/modules/cjs/loader:1422:10)\n' +
    '    at Module.load (node:internal/modules/cjs/loader:1203:32)\n' +
    '    at Module._load (node:internal/modules/cjs/loader:1019:12)\n' +
    '    at Function.executeUserEntryPoint [as runMain] (node:internal/modules/run_main:128:12)\n' +
    '    at node:internal/main/run_main_module:28:49',
  exception: true,
  date: 'Wed Sep 03 2025 17:53:26 GMT+0530 (India Standard Time)',
  process: {
    pid: 20396,
    uid: null,
    gid: null,
    cwd: 'C:\\Users\\ASUS\\interview-master\\server',
    execPath: 'C:\\nvm4w\\nodejs\\node.exe',
    version: 'v18.20.8',
    argv: [
      'C:\\nvm4w\\nodejs\\node.exe',
      'C:\\Users\\ASUS\\interview-master\\server\\index.js'
    ],
    memoryUsage: {
      rss: 151064576,
      heapTotal: 109383680,
      heapUsed: 81093952,
      external: 40033002,
      arrayBuffers: 37159309
    }
  },
  os: { loadavg: [ 0, 0, 0 ], uptime: 624987.031 },
  trace: [
    {
      column: 19,
      file: 'C:\\Users\\ASUS\\interview-master\\server\\index.js',
      function: null,
      line: 139,
      method: null,
      native: false
    },
    {
      column: 14,
      file: 'node:internal/modules/cjs/loader',
      function: 'Module._compile',
      line: 1364,
      method: '_compile',
      native: false
    },
    {
      column: 10,
      file: 'node:internal/modules/cjs/loader',
      function: 'Module._extensions..js',
      line: 1422,
      method: '.js',
      native: false
    },
    {
      column: 32,
      file: 'node:internal/modules/cjs/loader',
      function: 'Module.load',
      line: 1203,
      method: 'load',
      native: false
    },
    {
      column: 12,
      file: 'node:internal/modules/cjs/loader',
      function: 'Module._load',
      line: 1019,
      method: '_load',
      native: false
    },
    {
      column: 12,
      file: 'node:internal/modules/run_main',
      function: 'Function.executeUserEntryPoint [as runMain]',
      line: 128,
      method: 'executeUserEntryPoint [as runMain]',
      native: false
    },
    {
      column: 49,
      file: 'node:internal/main/run_main_module',
      function: null,
      line: 28,
      method: null,
      native: false
    }
  ],
  service: 'interview-system',
  environment: 'development',
  version: '1.0.0',
  timestamp: '2025-09-03 17:53:26'
}
{
  error: TypeError: DatabaseManager is not a constructor
      at Object.<anonymous> (C:\Users\ASUS\interview-master\server\index.js:139:19)
      at Module._compile (node:internal/modules/cjs/loader:1364:14)
      at Module._extensions..js (node:internal/modules/cjs/loader:1422:10)
      at Module.load (node:internal/modules/cjs/loader:1203:32)
      at Module._load (node:internal/modules/cjs/loader:1019:12)
      at Function.executeUserEntryPoint [as runMain] (node:internal/modules/run_main:128:12)
      at node:internal/main/run_main_module:28:49,
  level: 'error',
  message: 'uncaughtException: DatabaseManager is not a constructor\n' +
    'TypeError: DatabaseManager is not a constructor\n' +
    '    at Object.<anonymous> (C:\\Users\\ASUS\\interview-master\\server\\index.js:139:19)\n' +
    '    at Module._compile (node:internal/modules/cjs/loader:1364:14)\n' +
    '    at Module._extensions..js (node:internal/modules/cjs/loader:1422:10)\n' +
    '    at Module.load (node:internal/modules/cjs/loader:1203:32)\n' +
    '    at Module._load (node:internal/modules/cjs/loader:1019:12)\n' +
    '    at Function.executeUserEntryPoint [as runMain] (node:internal/modules/run_main:128:12)\n' +
    '    at node:internal/main/run_main_module:28:49',
  stack: 'TypeError: DatabaseManager is not a constructor\n' +
    '    at Object.<anonymous> (C:\\Users\\ASUS\\interview-master\\server\\index.js:139:19)\n' +
    '    at Module._compile (node:internal/modules/cjs/loader:1364:14)\n' +
    '    at Module._extensions..js (node:internal/modules/cjs/loader:1422:10)\n' +
    '    at Module.load (node:internal/modules/cjs/loader:1203:32)\n' +
    '    at Module._load (node:internal/modules/cjs/loader:1019:12)\n' +
    '    at Function.executeUserEntryPoint [as runMain] (node:internal/modules/run_main:128:12)\n' +
    '    at node:internal/main/run_main_module:28:49',
  exception: true,
  date: 'Wed Sep 03 2025 17:53:56 GMT+0530 (India Standard Time)',
  process: {
    pid: 17888,
    uid: null,
    gid: null,
    cwd: 'C:\\Users\\ASUS\\interview-master\\server',
    execPath: 'C:\\nvm4w\\nodejs\\node.exe',
    version: 'v18.20.8',
    argv: [
      'C:\\nvm4w\\nodejs\\node.exe',
      'C:\\Users\\ASUS\\interview-master\\server\\index.js'
    ],
    memoryUsage: {
      rss: 151982080,
      heapTotal: 109645824,
      heapUsed: 81196952,
      external: 40061819,
      arrayBuffers: 37188126
    }
  },
  os: { loadavg: [ 0, 0, 0 ], uptime: 625017.281 },
  trace: [
    {
      column: 19,
      file: 'C:\\Users\\ASUS\\interview-master\\server\\index.js',
      function: null,
      line: 139,
      method: null,
      native: false
    },
    {
      column: 14,
      file: 'node:internal/modules/cjs/loader',
      function: 'Module._compile',
      line: 1364,
      method: '_compile',
      native: false
    },
    {
      column: 10,
      file: 'node:internal/modules/cjs/loader',
      function: 'Module._extensions..js',
      line: 1422,
      method: '.js',
      native: false
    },
    {
      column: 32,
      file: 'node:internal/modules/cjs/loader',
      function: 'Module.load',
      line: 1203,
      method: 'load',
      native: false
    },
    {
      column: 12,
      file: 'node:internal/modules/cjs/loader',
      function: 'Module._load',
      line: 1019,
      method: '_load',
      native: false
    },
    {
      column: 12,
      file: 'node:internal/modules/run_main',
      function: 'Function.executeUserEntryPoint [as runMain]',
      line: 128,
      method: 'executeUserEntryPoint [as runMain]',
      native: false
    },
    {
      column: 49,
      file: 'node:internal/main/run_main_module',
      function: null,
      line: 28,
      method: null,
      native: false
    }
  ],
  service: 'interview-system',
  environment: 'development',
  version: '1.0.0',
  timestamp: '2025-09-03 17:53:56'
}
{
  error: TypeError: DatabaseManager is not a constructor
      at Object.<anonymous> (C:\Users\ASUS\interview-master\server\index.js:139:19)
      at Module._compile (node:internal/modules/cjs/loader:1364:14)
      at Module._extensions..js (node:internal/modules/cjs/loader:1422:10)
      at Module.load (node:internal/modules/cjs/loader:1203:32)
      at Module._load (node:internal/modules/cjs/loader:1019:12)
      at Function.executeUserEntryPoint [as runMain] (node:internal/modules/run_main:128:12)
      at node:internal/main/run_main_module:28:49,
  level: 'error',
  message: 'uncaughtException: DatabaseManager is not a constructor\n' +
    'TypeError: DatabaseManager is not a constructor\n' +
    '    at Object.<anonymous> (C:\\Users\\ASUS\\interview-master\\server\\index.js:139:19)\n' +
    '    at Module._compile (node:internal/modules/cjs/loader:1364:14)\n' +
    '    at Module._extensions..js (node:internal/modules/cjs/loader:1422:10)\n' +
    '    at Module.load (node:internal/modules/cjs/loader:1203:32)\n' +
    '    at Module._load (node:internal/modules/cjs/loader:1019:12)\n' +
    '    at Function.executeUserEntryPoint [as runMain] (node:internal/modules/run_main:128:12)\n' +
    '    at node:internal/main/run_main_module:28:49',
  stack: 'TypeError: DatabaseManager is not a constructor\n' +
    '    at Object.<anonymous> (C:\\Users\\ASUS\\interview-master\\server\\index.js:139:19)\n' +
    '    at Module._compile (node:internal/modules/cjs/loader:1364:14)\n' +
    '    at Module._extensions..js (node:internal/modules/cjs/loader:1422:10)\n' +
    '    at Module.load (node:internal/modules/cjs/loader:1203:32)\n' +
    '    at Module._load (node:internal/modules/cjs/loader:1019:12)\n' +
    '    at Function.executeUserEntryPoint [as runMain] (node:internal/modules/run_main:128:12)\n' +
    '    at node:internal/main/run_main_module:28:49',
  exception: true,
  date: 'Wed Sep 03 2025 17:55:44 GMT+0530 (India Standard Time)',
  process: {
    pid: 7200,
    uid: null,
    gid: null,
    cwd: 'C:\\Users\\ASUS\\interview-master\\server',
    execPath: 'C:\\nvm4w\\nodejs\\node.exe',
    version: 'v18.20.8',
    argv: [
      'C:\\nvm4w\\nodejs\\node.exe',
      'C:\\Users\\ASUS\\interview-master\\server\\index.js'
    ],
    memoryUsage: {
      rss: 151994368,
      heapTotal: 109383680,
      heapUsed: 80882240,
      external: 40007056,
      arrayBuffers: 37133363
    }
  },
  os: { loadavg: [ 0, 0, 0 ], uptime: 625125.203 },
  trace: [
    {
      column: 19,
      file: 'C:\\Users\\ASUS\\interview-master\\server\\index.js',
      function: null,
      line: 139,
      method: null,
      native: false
    },
    {
      column: 14,
      file: 'node:internal/modules/cjs/loader',
      function: 'Module._compile',
      line: 1364,
      method: '_compile',
      native: false
    },
    {
      column: 10,
      file: 'node:internal/modules/cjs/loader',
      function: 'Module._extensions..js',
      line: 1422,
      method: '.js',
      native: false
    },
    {
      column: 32,
      file: 'node:internal/modules/cjs/loader',
      function: 'Module.load',
      line: 1203,
      method: 'load',
      native: false
    },
    {
      column: 12,
      file: 'node:internal/modules/cjs/loader',
      function: 'Module._load',
      line: 1019,
      method: '_load',
      native: false
    },
    {
      column: 12,
      file: 'node:internal/modules/run_main',
      function: 'Function.executeUserEntryPoint [as runMain]',
      line: 128,
      method: 'executeUserEntryPoint [as runMain]',
      native: false
    },
    {
      column: 49,
      file: 'node:internal/main/run_main_module',
      function: null,
      line: 28,
      method: null,
      native: false
    }
  ],
  service: 'interview-system',
  environment: 'development',
  version: '1.0.0',
  timestamp: '2025-09-03 17:55:44'
}
{
  error: TypeError: DatabaseManager is not a constructor
      at Object.<anonymous> (C:\Users\ASUS\interview-master\server\index.js:139:19)
      at Module._compile (node:internal/modules/cjs/loader:1364:14)
      at Module._extensions..js (node:internal/modules/cjs/loader:1422:10)
      at Module.load (node:internal/modules/cjs/loader:1203:32)
      at Module._load (node:internal/modules/cjs/loader:1019:12)
      at Function.executeUserEntryPoint [as runMain] (node:internal/modules/run_main:128:12)
      at node:internal/main/run_main_module:28:49,
  level: 'error',
  message: 'uncaughtException: DatabaseManager is not a constructor\n' +
    'TypeError: DatabaseManager is not a constructor\n' +
    '    at Object.<anonymous> (C:\\Users\\ASUS\\interview-master\\server\\index.js:139:19)\n' +
    '    at Module._compile (node:internal/modules/cjs/loader:1364:14)\n' +
    '    at Module._extensions..js (node:internal/modules/cjs/loader:1422:10)\n' +
    '    at Module.load (node:internal/modules/cjs/loader:1203:32)\n' +
    '    at Module._load (node:internal/modules/cjs/loader:1019:12)\n' +
    '    at Function.executeUserEntryPoint [as runMain] (node:internal/modules/run_main:128:12)\n' +
    '    at node:internal/main/run_main_module:28:49',
  stack: 'TypeError: DatabaseManager is not a constructor\n' +
    '    at Object.<anonymous> (C:\\Users\\ASUS\\interview-master\\server\\index.js:139:19)\n' +
    '    at Module._compile (node:internal/modules/cjs/loader:1364:14)\n' +
    '    at Module._extensions..js (node:internal/modules/cjs/loader:1422:10)\n' +
    '    at Module.load (node:internal/modules/cjs/loader:1203:32)\n' +
    '    at Module._load (node:internal/modules/cjs/loader:1019:12)\n' +
    '    at Function.executeUserEntryPoint [as runMain] (node:internal/modules/run_main:128:12)\n' +
    '    at node:internal/main/run_main_module:28:49',
  exception: true,
  date: 'Wed Sep 03 2025 17:56:27 GMT+0530 (India Standard Time)',
  process: {
    pid: 21952,
    uid: null,
    gid: null,
    cwd: 'C:\\Users\\ASUS\\interview-master\\server',
    execPath: 'C:\\nvm4w\\nodejs\\node.exe',
    version: 'v18.20.8',
    argv: [
      'C:\\nvm4w\\nodejs\\node.exe',
      'C:\\Users\\ASUS\\interview-master\\server\\index.js'
    ],
    memoryUsage: {
      rss: 152141824,
      heapTotal: 109383680,
      heapUsed: 80797504,
      external: 39966719,
      arrayBuffers: 37093026
    }
  },
  os: { loadavg: [ 0, 0, 0 ], uptime: 625167.531 },
  trace: [
    {
      column: 19,
      file: 'C:\\Users\\ASUS\\interview-master\\server\\index.js',
      function: null,
      line: 139,
      method: null,
      native: false
    },
    {
      column: 14,
      file: 'node:internal/modules/cjs/loader',
      function: 'Module._compile',
      line: 1364,
      method: '_compile',
      native: false
    },
    {
      column: 10,
      file: 'node:internal/modules/cjs/loader',
      function: 'Module._extensions..js',
      line: 1422,
      method: '.js',
      native: false
    },
    {
      column: 32,
      file: 'node:internal/modules/cjs/loader',
      function: 'Module.load',
      line: 1203,
      method: 'load',
      native: false
    },
    {
      column: 12,
      file: 'node:internal/modules/cjs/loader',
      function: 'Module._load',
      line: 1019,
      method: '_load',
      native: false
    },
    {
      column: 12,
      file: 'node:internal/modules/run_main',
      function: 'Function.executeUserEntryPoint [as runMain]',
      line: 128,
      method: 'executeUserEntryPoint [as runMain]',
      native: false
    },
    {
      column: 49,
      file: 'node:internal/main/run_main_module',
      function: null,
      line: 28,
      method: null,
      native: false
    }
  ],
  service: 'interview-system',
  environment: 'development',
  version: '1.0.0',
  timestamp: '2025-09-03 17:56:27'
}
{
  error: TypeError: DatabaseManager is not a constructor
      at Object.<anonymous> (C:\Users\ASUS\interview-master\server\index.js:139:19)
      at Module._compile (node:internal/modules/cjs/loader:1364:14)
      at Module._extensions..js (node:internal/modules/cjs/loader:1422:10)
      at Module.load (node:internal/modules/cjs/loader:1203:32)
      at Module._load (node:internal/modules/cjs/loader:1019:12)
      at Function.executeUserEntryPoint [as runMain] (node:internal/modules/run_main:128:12)
      at node:internal/main/run_main_module:28:49,
  level: 'error',
  message: 'uncaughtException: DatabaseManager is not a constructor\n' +
    'TypeError: DatabaseManager is not a constructor\n' +
    '    at Object.<anonymous> (C:\\Users\\ASUS\\interview-master\\server\\index.js:139:19)\n' +
    '    at Module._compile (node:internal/modules/cjs/loader:1364:14)\n' +
    '    at Module._extensions..js (node:internal/modules/cjs/loader:1422:10)\n' +
    '    at Module.load (node:internal/modules/cjs/loader:1203:32)\n' +
    '    at Module._load (node:internal/modules/cjs/loader:1019:12)\n' +
    '    at Function.executeUserEntryPoint [as runMain] (node:internal/modules/run_main:128:12)\n' +
    '    at node:internal/main/run_main_module:28:49',
  stack: 'TypeError: DatabaseManager is not a constructor\n' +
    '    at Object.<anonymous> (C:\\Users\\ASUS\\interview-master\\server\\index.js:139:19)\n' +
    '    at Module._compile (node:internal/modules/cjs/loader:1364:14)\n' +
    '    at Module._extensions..js (node:internal/modules/cjs/loader:1422:10)\n' +
    '    at Module.load (node:internal/modules/cjs/loader:1203:32)\n' +
    '    at Module._load (node:internal/modules/cjs/loader:1019:12)\n' +
    '    at Function.executeUserEntryPoint [as runMain] (node:internal/modules/run_main:128:12)\n' +
    '    at node:internal/main/run_main_module:28:49',
  exception: true,
  date: 'Wed Sep 03 2025 17:56:59 GMT+0530 (India Standard Time)',
  process: {
    pid: 23724,
    uid: null,
    gid: null,
    cwd: 'C:\\Users\\ASUS\\interview-master\\server',
    execPath: 'C:\\nvm4w\\nodejs\\node.exe',
    version: 'v18.20.8',
    argv: [
      'C:\\nvm4w\\nodejs\\node.exe',
      'C:\\Users\\ASUS\\interview-master\\server\\index.js'
    ],
    memoryUsage: {
      rss: 152543232,
      heapTotal: 109645824,
      heapUsed: 81082232,
      external: 40063101,
      arrayBuffers: 37189408
    }
  },
  os: { loadavg: [ 0, 0, 0 ], uptime: 625200 },
  trace: [
    {
      column: 19,
      file: 'C:\\Users\\ASUS\\interview-master\\server\\index.js',
      function: null,
      line: 139,
      method: null,
      native: false
    },
    {
      column: 14,
      file: 'node:internal/modules/cjs/loader',
      function: 'Module._compile',
      line: 1364,
      method: '_compile',
      native: false
    },
    {
      column: 10,
      file: 'node:internal/modules/cjs/loader',
      function: 'Module._extensions..js',
      line: 1422,
      method: '.js',
      native: false
    },
    {
      column: 32,
      file: 'node:internal/modules/cjs/loader',
      function: 'Module.load',
      line: 1203,
      method: 'load',
      native: false
    },
    {
      column: 12,
      file: 'node:internal/modules/cjs/loader',
      function: 'Module._load',
      line: 1019,
      method: '_load',
      native: false
    },
    {
      column: 12,
      file: 'node:internal/modules/run_main',
      function: 'Function.executeUserEntryPoint [as runMain]',
      line: 128,
      method: 'executeUserEntryPoint [as runMain]',
      native: false
    },
    {
      column: 49,
      file: 'node:internal/main/run_main_module',
      function: null,
      line: 28,
      method: null,
      native: false
    }
  ],
  service: 'interview-system',
  environment: 'development',
  version: '1.0.0',
  timestamp: '2025-09-03 17:56:59'
}
{
  error: TypeError: DatabaseManager is not a constructor
      at Object.<anonymous> (C:\Users\ASUS\interview-master\server\index.js:140:19)
      at Module._compile (node:internal/modules/cjs/loader:1364:14)
      at Module._extensions..js (node:internal/modules/cjs/loader:1422:10)
      at Module.load (node:internal/modules/cjs/loader:1203:32)
      at Module._load (node:internal/modules/cjs/loader:1019:12)
      at Function.executeUserEntryPoint [as runMain] (node:internal/modules/run_main:128:12)
      at node:internal/main/run_main_module:28:49,
  level: 'error',
  message: 'uncaughtException: DatabaseManager is not a constructor\n' +
    'TypeError: DatabaseManager is not a constructor\n' +
    '    at Object.<anonymous> (C:\\Users\\ASUS\\interview-master\\server\\index.js:140:19)\n' +
    '    at Module._compile (node:internal/modules/cjs/loader:1364:14)\n' +
    '    at Module._extensions..js (node:internal/modules/cjs/loader:1422:10)\n' +
    '    at Module.load (node:internal/modules/cjs/loader:1203:32)\n' +
    '    at Module._load (node:internal/modules/cjs/loader:1019:12)\n' +
    '    at Function.executeUserEntryPoint [as runMain] (node:internal/modules/run_main:128:12)\n' +
    '    at node:internal/main/run_main_module:28:49',
  stack: 'TypeError: DatabaseManager is not a constructor\n' +
    '    at Object.<anonymous> (C:\\Users\\ASUS\\interview-master\\server\\index.js:140:19)\n' +
    '    at Module._compile (node:internal/modules/cjs/loader:1364:14)\n' +
    '    at Module._extensions..js (node:internal/modules/cjs/loader:1422:10)\n' +
    '    at Module.load (node:internal/modules/cjs/loader:1203:32)\n' +
    '    at Module._load (node:internal/modules/cjs/loader:1019:12)\n' +
    '    at Function.executeUserEntryPoint [as runMain] (node:internal/modules/run_main:128:12)\n' +
    '    at node:internal/main/run_main_module:28:49',
  exception: true,
  date: 'Wed Sep 03 2025 17:57:39 GMT+0530 (India Standard Time)',
  process: {
    pid: 15816,
    uid: null,
    gid: null,
    cwd: 'C:\\Users\\ASUS\\interview-master\\server',
    execPath: 'C:\\nvm4w\\nodejs\\node.exe',
    version: 'v18.20.8',
    argv: [
      'C:\\nvm4w\\nodejs\\node.exe',
      'C:\\Users\\ASUS\\interview-master\\server\\index.js'
    ],
    memoryUsage: {
      rss: 151855104,
      heapTotal: 109383680,
      heapUsed: 81302072,
      external: 40070011,
      arrayBuffers: 37196318
    }
  },
  os: { loadavg: [ 0, 0, 0 ], uptime: 625240.203 },
  trace: [
    {
      column: 19,
      file: 'C:\\Users\\ASUS\\interview-master\\server\\index.js',
      function: null,
      line: 140,
      method: null,
      native: false
    },
    {
      column: 14,
      file: 'node:internal/modules/cjs/loader',
      function: 'Module._compile',
      line: 1364,
      method: '_compile',
      native: false
    },
    {
      column: 10,
      file: 'node:internal/modules/cjs/loader',
      function: 'Module._extensions..js',
      line: 1422,
      method: '.js',
      native: false
    },
    {
      column: 32,
      file: 'node:internal/modules/cjs/loader',
      function: 'Module.load',
      line: 1203,
      method: 'load',
      native: false
    },
    {
      column: 12,
      file: 'node:internal/modules/cjs/loader',
      function: 'Module._load',
      line: 1019,
      method: '_load',
      native: false
    },
    {
      column: 12,
      file: 'node:internal/modules/run_main',
      function: 'Function.executeUserEntryPoint [as runMain]',
      line: 128,
      method: 'executeUserEntryPoint [as runMain]',
      native: false
    },
    {
      column: 49,
      file: 'node:internal/main/run_main_module',
      function: null,
      line: 28,
      method: null,
      native: false
    }
  ],
  service: 'interview-system',
  environment: 'development',
  version: '1.0.0',
  timestamp: '2025-09-03 17:57:39'
}
{
  error: TypeError: rateLimiter.createLimiter is not a function
      at Object.<anonymous> (C:\Users\ASUS\interview-master\server\routes\resume.js:39:37)
      at Module._compile (node:internal/modules/cjs/loader:1364:14)
      at Module._extensions..js (node:internal/modules/cjs/loader:1422:10)
      at Module.load (node:internal/modules/cjs/loader:1203:32)
      at Module._load (node:internal/modules/cjs/loader:1019:12)
      at Module.require (node:internal/modules/cjs/loader:1231:19)
      at require (node:internal/modules/helpers:177:18)
      at Object.<anonymous> (C:\Users\ASUS\interview-master\server\index.js:947:80)
      at Module._compile (node:internal/modules/cjs/loader:1364:14)
      at Module._extensions..js (node:internal/modules/cjs/loader:1422:10),
  level: 'error',
  message: 'uncaughtException: rateLimiter.createLimiter is not a function\n' +
    'TypeError: rateLimiter.createLimiter is not a function\n' +
    '    at Object.<anonymous> (C:\\Users\\ASUS\\interview-master\\server\\routes\\resume.js:39:37)\n' +
    '    at Module._compile (node:internal/modules/cjs/loader:1364:14)\n' +
    '    at Module._extensions..js (node:internal/modules/cjs/loader:1422:10)\n' +
    '    at Module.load (node:internal/modules/cjs/loader:1203:32)\n' +
    '    at Module._load (node:internal/modules/cjs/loader:1019:12)\n' +
    '    at Module.require (node:internal/modules/cjs/loader:1231:19)\n' +
    '    at require (node:internal/modules/helpers:177:18)\n' +
    '    at Object.<anonymous> (C:\\Users\\ASUS\\interview-master\\server\\index.js:947:80)\n' +
    '    at Module._compile (node:internal/modules/cjs/loader:1364:14)\n' +
    '    at Module._extensions..js (node:internal/modules/cjs/loader:1422:10)',
  stack: 'TypeError: rateLimiter.createLimiter is not a function\n' +
    '    at Object.<anonymous> (C:\\Users\\ASUS\\interview-master\\server\\routes\\resume.js:39:37)\n' +
    '    at Module._compile (node:internal/modules/cjs/loader:1364:14)\n' +
    '    at Module._extensions..js (node:internal/modules/cjs/loader:1422:10)\n' +
    '    at Module.load (node:internal/modules/cjs/loader:1203:32)\n' +
    '    at Module._load (node:internal/modules/cjs/loader:1019:12)\n' +
    '    at Module.require (node:internal/modules/cjs/loader:1231:19)\n' +
    '    at require (node:internal/modules/helpers:177:18)\n' +
    '    at Object.<anonymous> (C:\\Users\\ASUS\\interview-master\\server\\index.js:947:80)\n' +
    '    at Module._compile (node:internal/modules/cjs/loader:1364:14)\n' +
    '    at Module._extensions..js (node:internal/modules/cjs/loader:1422:10)',
  exception: true,
  date: 'Wed Sep 03 2025 19:18:44 GMT+0530 (India Standard Time)',
  process: {
    pid: 7756,
    uid: null,
    gid: null,
    cwd: 'C:\\Users\\ASUS\\interview-master\\server',
    execPath: 'C:\\nvm4w\\nodejs\\node.exe',
    version: 'v18.20.8',
    argv: [
      'C:\\nvm4w\\nodejs\\node.exe',
      'C:\\Users\\ASUS\\interview-master\\server\\index.js'
    ],
    memoryUsage: {
      rss: 152350720,
      heapTotal: 110362624,
      heapUsed: 87034184,
      external: 40353250,
      arrayBuffers: 37479557
    }
  },
  os: { loadavg: [ 0, 0, 0 ], uptime: 630105.39 },
  trace: [
    {
      column: 37,
      file: 'C:\\Users\\ASUS\\interview-master\\server\\routes\\resume.js',
      function: null,
      line: 39,
      method: null,
      native: false
    },
    {
      column: 14,
      file: 'node:internal/modules/cjs/loader',
      function: 'Module._compile',
      line: 1364,
      method: '_compile',
      native: false
    },
    {
      column: 10,
      file: 'node:internal/modules/cjs/loader',
      function: 'Module._extensions..js',
      line: 1422,
      method: '.js',
      native: false
    },
    {
      column: 32,
      file: 'node:internal/modules/cjs/loader',
      function: 'Module.load',
      line: 1203,
      method: 'load',
      native: false
    },
    {
      column: 12,
      file: 'node:internal/modules/cjs/loader',
      function: 'Module._load',
      line: 1019,
      method: '_load',
      native: false
    },
    {
      column: 19,
      file: 'node:internal/modules/cjs/loader',
      function: 'Module.require',
      line: 1231,
      method: 'require',
      native: false
    },
    {
      column: 18,
      file: 'node:internal/modules/helpers',
      function: 'require',
      line: 177,
      method: null,
      native: false
    },
    {
      column: 80,
      file: 'C:\\Users\\ASUS\\interview-master\\server\\index.js',
      function: null,
      line: 947,
      method: null,
      native: false
    },
    {
      column: 14,
      file: 'node:internal/modules/cjs/loader',
      function: 'Module._compile',
      line: 1364,
      method: '_compile',
      native: false
    },
    {
      column: 10,
      file: 'node:internal/modules/cjs/loader',
      function: 'Module._extensions..js',
      line: 1422,
      method: '.js',
      native: false
    }
  ],
  service: 'interview-system',
  environment: 'development',
  version: '1.0.0',
  timestamp: '2025-09-03 19:18:44'
}
{
  error: TypeError: rateLimiter.createLimiter is not a function
      at Object.<anonymous> (C:\Users\ASUS\interview-master\server\routes\resume.js:39:37)
      at Module._compile (node:internal/modules/cjs/loader:1364:14)
      at Module._extensions..js (node:internal/modules/cjs/loader:1422:10)
      at Module.load (node:internal/modules/cjs/loader:1203:32)
      at Module._load (node:internal/modules/cjs/loader:1019:12)
      at Module.require (node:internal/modules/cjs/loader:1231:19)
      at require (node:internal/modules/helpers:177:18)
      at Object.<anonymous> (C:\Users\ASUS\interview-master\server\index.js:947:80)
      at Module._compile (node:internal/modules/cjs/loader:1364:14)
      at Module._extensions..js (node:internal/modules/cjs/loader:1422:10),
  level: 'error',
  message: 'uncaughtException: rateLimiter.createLimiter is not a function\n' +
    'TypeError: rateLimiter.createLimiter is not a function\n' +
    '    at Object.<anonymous> (C:\\Users\\ASUS\\interview-master\\server\\routes\\resume.js:39:37)\n' +
    '    at Module._compile (node:internal/modules/cjs/loader:1364:14)\n' +
    '    at Module._extensions..js (node:internal/modules/cjs/loader:1422:10)\n' +
    '    at Module.load (node:internal/modules/cjs/loader:1203:32)\n' +
    '    at Module._load (node:internal/modules/cjs/loader:1019:12)\n' +
    '    at Module.require (node:internal/modules/cjs/loader:1231:19)\n' +
    '    at require (node:internal/modules/helpers:177:18)\n' +
    '    at Object.<anonymous> (C:\\Users\\ASUS\\interview-master\\server\\index.js:947:80)\n' +
    '    at Module._compile (node:internal/modules/cjs/loader:1364:14)\n' +
    '    at Module._extensions..js (node:internal/modules/cjs/loader:1422:10)',
  stack: 'TypeError: rateLimiter.createLimiter is not a function\n' +
    '    at Object.<anonymous> (C:\\Users\\ASUS\\interview-master\\server\\routes\\resume.js:39:37)\n' +
    '    at Module._compile (node:internal/modules/cjs/loader:1364:14)\n' +
    '    at Module._extensions..js (node:internal/modules/cjs/loader:1422:10)\n' +
    '    at Module.load (node:internal/modules/cjs/loader:1203:32)\n' +
    '    at Module._load (node:internal/modules/cjs/loader:1019:12)\n' +
    '    at Module.require (node:internal/modules/cjs/loader:1231:19)\n' +
    '    at require (node:internal/modules/helpers:177:18)\n' +
    '    at Object.<anonymous> (C:\\Users\\ASUS\\interview-master\\server\\index.js:947:80)\n' +
    '    at Module._compile (node:internal/modules/cjs/loader:1364:14)\n' +
    '    at Module._extensions..js (node:internal/modules/cjs/loader:1422:10)',
  exception: true,
  date: 'Wed Sep 03 2025 19:18:57 GMT+0530 (India Standard Time)',
  process: {
    pid: 28348,
    uid: null,
    gid: null,
    cwd: 'C:\\Users\\ASUS\\interview-master\\server',
    execPath: 'C:\\nvm4w\\nodejs\\node.exe',
    version: 'v18.20.8',
    argv: [
      'C:\\nvm4w\\nodejs\\node.exe',
      'C:\\Users\\ASUS\\interview-master\\server\\index.js'
    ],
    memoryUsage: {
      rss: 153321472,
      heapTotal: 110100480,
      heapUsed: 86973016,
      external: 40384648,
      arrayBuffers: 37510955
    }
  },
  os: { loadavg: [ 0, 0, 0 ], uptime: 630117.906 },
  trace: [
    {
      column: 37,
      file: 'C:\\Users\\ASUS\\interview-master\\server\\routes\\resume.js',
      function: null,
      line: 39,
      method: null,
      native: false
    },
    {
      column: 14,
      file: 'node:internal/modules/cjs/loader',
      function: 'Module._compile',
      line: 1364,
      method: '_compile',
      native: false
    },
    {
      column: 10,
      file: 'node:internal/modules/cjs/loader',
      function: 'Module._extensions..js',
      line: 1422,
      method: '.js',
      native: false
    },
    {
      column: 32,
      file: 'node:internal/modules/cjs/loader',
      function: 'Module.load',
      line: 1203,
      method: 'load',
      native: false
    },
    {
      column: 12,
      file: 'node:internal/modules/cjs/loader',
      function: 'Module._load',
      line: 1019,
      method: '_load',
      native: false
    },
    {
      column: 19,
      file: 'node:internal/modules/cjs/loader',
      function: 'Module.require',
      line: 1231,
      method: 'require',
      native: false
    },
    {
      column: 18,
      file: 'node:internal/modules/helpers',
      function: 'require',
      line: 177,
      method: null,
      native: false
    },
    {
      column: 80,
      file: 'C:\\Users\\ASUS\\interview-master\\server\\index.js',
      function: null,
      line: 947,
      method: null,
      native: false
    },
    {
      column: 14,
      file: 'node:internal/modules/cjs/loader',
      function: 'Module._compile',
      line: 1364,
      method: '_compile',
      native: false
    },
    {
      column: 10,
      file: 'node:internal/modules/cjs/loader',
      function: 'Module._extensions..js',
      line: 1422,
      method: '.js',
      native: false
    }
  ],
  service: 'interview-system',
  environment: 'development',
  version: '1.0.0',
  timestamp: '2025-09-03 19:18:57'
}
{
  error: TypeError: rateLimiter.createLimiter is not a function
      at Object.<anonymous> (C:\Users\ASUS\interview-master\server\routes\resume.js:39:37)
      at Module._compile (node:internal/modules/cjs/loader:1364:14)
      at Module._extensions..js (node:internal/modules/cjs/loader:1422:10)
      at Module.load (node:internal/modules/cjs/loader:1203:32)
      at Module._load (node:internal/modules/cjs/loader:1019:12)
      at Module.require (node:internal/modules/cjs/loader:1231:19)
      at require (node:internal/modules/helpers:177:18)
      at Object.<anonymous> (C:\Users\ASUS\interview-master\server\index.js:947:80)
      at Module._compile (node:internal/modules/cjs/loader:1364:14)
      at Module._extensions..js (node:internal/modules/cjs/loader:1422:10),
  level: 'error',
  message: 'uncaughtException: rateLimiter.createLimiter is not a function\n' +
    'TypeError: rateLimiter.createLimiter is not a function\n' +
    '    at Object.<anonymous> (C:\\Users\\ASUS\\interview-master\\server\\routes\\resume.js:39:37)\n' +
    '    at Module._compile (node:internal/modules/cjs/loader:1364:14)\n' +
    '    at Module._extensions..js (node:internal/modules/cjs/loader:1422:10)\n' +
    '    at Module.load (node:internal/modules/cjs/loader:1203:32)\n' +
    '    at Module._load (node:internal/modules/cjs/loader:1019:12)\n' +
    '    at Module.require (node:internal/modules/cjs/loader:1231:19)\n' +
    '    at require (node:internal/modules/helpers:177:18)\n' +
    '    at Object.<anonymous> (C:\\Users\\ASUS\\interview-master\\server\\index.js:947:80)\n' +
    '    at Module._compile (node:internal/modules/cjs/loader:1364:14)\n' +
    '    at Module._extensions..js (node:internal/modules/cjs/loader:1422:10)',
  stack: 'TypeError: rateLimiter.createLimiter is not a function\n' +
    '    at Object.<anonymous> (C:\\Users\\ASUS\\interview-master\\server\\routes\\resume.js:39:37)\n' +
    '    at Module._compile (node:internal/modules/cjs/loader:1364:14)\n' +
    '    at Module._extensions..js (node:internal/modules/cjs/loader:1422:10)\n' +
    '    at Module.load (node:internal/modules/cjs/loader:1203:32)\n' +
    '    at Module._load (node:internal/modules/cjs/loader:1019:12)\n' +
    '    at Module.require (node:internal/modules/cjs/loader:1231:19)\n' +
    '    at require (node:internal/modules/helpers:177:18)\n' +
    '    at Object.<anonymous> (C:\\Users\\ASUS\\interview-master\\server\\index.js:947:80)\n' +
    '    at Module._compile (node:internal/modules/cjs/loader:1364:14)\n' +
    '    at Module._extensions..js (node:internal/modules/cjs/loader:1422:10)',
  exception: true,
  date: 'Wed Sep 03 2025 19:19:55 GMT+0530 (India Standard Time)',
  process: {
    pid: 2656,
    uid: null,
    gid: null,
    cwd: 'C:\\Users\\ASUS\\interview-master\\server',
    execPath: 'C:\\nvm4w\\nodejs\\node.exe',
    version: 'v18.20.8',
    argv: [
      'C:\\nvm4w\\nodejs\\node.exe',
      'C:\\Users\\ASUS\\interview-master\\server\\index.js'
    ],
    memoryUsage: {
      rss: 153346048,
      heapTotal: 110362624,
      heapUsed: 87308944,
      external: 40422306,
      arrayBuffers: 37548613
    }
  },
  os: { loadavg: [ 0, 0, 0 ], uptime: 630175.921 },
  trace: [
    {
      column: 37,
      file: 'C:\\Users\\ASUS\\interview-master\\server\\routes\\resume.js',
      function: null,
      line: 39,
      method: null,
      native: false
    },
    {
      column: 14,
      file: 'node:internal/modules/cjs/loader',
      function: 'Module._compile',
      line: 1364,
      method: '_compile',
      native: false
    },
    {
      column: 10,
      file: 'node:internal/modules/cjs/loader',
      function: 'Module._extensions..js',
      line: 1422,
      method: '.js',
      native: false
    },
    {
      column: 32,
      file: 'node:internal/modules/cjs/loader',
      function: 'Module.load',
      line: 1203,
      method: 'load',
      native: false
    },
    {
      column: 12,
      file: 'node:internal/modules/cjs/loader',
      function: 'Module._load',
      line: 1019,
      method: '_load',
      native: false
    },
    {
      column: 19,
      file: 'node:internal/modules/cjs/loader',
      function: 'Module.require',
      line: 1231,
      method: 'require',
      native: false
    },
    {
      column: 18,
      file: 'node:internal/modules/helpers',
      function: 'require',
      line: 177,
      method: null,
      native: false
    },
    {
      column: 80,
      file: 'C:\\Users\\ASUS\\interview-master\\server\\index.js',
      function: null,
      line: 947,
      method: null,
      native: false
    },
    {
      column: 14,
      file: 'node:internal/modules/cjs/loader',
      function: 'Module._compile',
      line: 1364,
      method: '_compile',
      native: false
    },
    {
      column: 10,
      file: 'node:internal/modules/cjs/loader',
      function: 'Module._extensions..js',
      line: 1422,
      method: '.js',
      native: false
    }
  ],
  service: 'interview-system',
  environment: 'development',
  version: '1.0.0',
  timestamp: '2025-09-03 19:19:55'
}
{
  error: TypeError: rateLimiter.createLimiter is not a function
      at Object.<anonymous> (C:\Users\ASUS\interview-master\server\routes\resume.js:39:37)
      at Module._compile (node:internal/modules/cjs/loader:1364:14)
      at Module._extensions..js (node:internal/modules/cjs/loader:1422:10)
      at Module.load (node:internal/modules/cjs/loader:1203:32)
      at Module._load (node:internal/modules/cjs/loader:1019:12)
      at Module.require (node:internal/modules/cjs/loader:1231:19)
      at require (node:internal/modules/helpers:177:18)
      at Object.<anonymous> (C:\Users\ASUS\interview-master\server\index.js:947:80)
      at Module._compile (node:internal/modules/cjs/loader:1364:14)
      at Module._extensions..js (node:internal/modules/cjs/loader:1422:10),
  level: 'error',
  message: 'uncaughtException: rateLimiter.createLimiter is not a function\n' +
    'TypeError: rateLimiter.createLimiter is not a function\n' +
    '    at Object.<anonymous> (C:\\Users\\ASUS\\interview-master\\server\\routes\\resume.js:39:37)\n' +
    '    at Module._compile (node:internal/modules/cjs/loader:1364:14)\n' +
    '    at Module._extensions..js (node:internal/modules/cjs/loader:1422:10)\n' +
    '    at Module.load (node:internal/modules/cjs/loader:1203:32)\n' +
    '    at Module._load (node:internal/modules/cjs/loader:1019:12)\n' +
    '    at Module.require (node:internal/modules/cjs/loader:1231:19)\n' +
    '    at require (node:internal/modules/helpers:177:18)\n' +
    '    at Object.<anonymous> (C:\\Users\\ASUS\\interview-master\\server\\index.js:947:80)\n' +
    '    at Module._compile (node:internal/modules/cjs/loader:1364:14)\n' +
    '    at Module._extensions..js (node:internal/modules/cjs/loader:1422:10)',
  stack: 'TypeError: rateLimiter.createLimiter is not a function\n' +
    '    at Object.<anonymous> (C:\\Users\\ASUS\\interview-master\\server\\routes\\resume.js:39:37)\n' +
    '    at Module._compile (node:internal/modules/cjs/loader:1364:14)\n' +
    '    at Module._extensions..js (node:internal/modules/cjs/loader:1422:10)\n' +
    '    at Module.load (node:internal/modules/cjs/loader:1203:32)\n' +
    '    at Module._load (node:internal/modules/cjs/loader:1019:12)\n' +
    '    at Module.require (node:internal/modules/cjs/loader:1231:19)\n' +
    '    at require (node:internal/modules/helpers:177:18)\n' +
    '    at Object.<anonymous> (C:\\Users\\ASUS\\interview-master\\server\\index.js:947:80)\n' +
    '    at Module._compile (node:internal/modules/cjs/loader:1364:14)\n' +
    '    at Module._extensions..js (node:internal/modules/cjs/loader:1422:10)',
  exception: true,
  date: 'Wed Sep 03 2025 19:20:57 GMT+0530 (India Standard Time)',
  process: {
    pid: 7760,
    uid: null,
    gid: null,
    cwd: 'C:\\Users\\ASUS\\interview-master\\server',
    execPath: 'C:\\nvm4w\\nodejs\\node.exe',
    version: 'v18.20.8',
    argv: [
      'C:\\nvm4w\\nodejs\\node.exe',
      'C:\\Users\\ASUS\\interview-master\\server\\index.js'
    ],
    memoryUsage: {
      rss: 153137152,
      heapTotal: 110100480,
      heapUsed: 87506296,
      external: 40479748,
      arrayBuffers: 37606055
    }
  },
  os: { loadavg: [ 0, 0, 0 ], uptime: 630238.171 },
  trace: [
    {
      column: 37,
      file: 'C:\\Users\\ASUS\\interview-master\\server\\routes\\resume.js',
      function: null,
      line: 39,
      method: null,
      native: false
    },
    {
      column: 14,
      file: 'node:internal/modules/cjs/loader',
      function: 'Module._compile',
      line: 1364,
      method: '_compile',
      native: false
    },
    {
      column: 10,
      file: 'node:internal/modules/cjs/loader',
      function: 'Module._extensions..js',
      line: 1422,
      method: '.js',
      native: false
    },
    {
      column: 32,
      file: 'node:internal/modules/cjs/loader',
      function: 'Module.load',
      line: 1203,
      method: 'load',
      native: false
    },
    {
      column: 12,
      file: 'node:internal/modules/cjs/loader',
      function: 'Module._load',
      line: 1019,
      method: '_load',
      native: false
    },
    {
      column: 19,
      file: 'node:internal/modules/cjs/loader',
      function: 'Module.require',
      line: 1231,
      method: 'require',
      native: false
    },
    {
      column: 18,
      file: 'node:internal/modules/helpers',
      function: 'require',
      line: 177,
      method: null,
      native: false
    },
    {
      column: 80,
      file: 'C:\\Users\\ASUS\\interview-master\\server\\index.js',
      function: null,
      line: 947,
      method: null,
      native: false
    },
    {
      column: 14,
      file: 'node:internal/modules/cjs/loader',
      function: 'Module._compile',
      line: 1364,
      method: '_compile',
      native: false
    },
    {
      column: 10,
      file: 'node:internal/modules/cjs/loader',
      function: 'Module._extensions..js',
      line: 1422,
      method: '.js',
      native: false
    }
  ],
  service: 'interview-system',
  environment: 'development',
  version: '1.0.0',
  timestamp: '2025-09-03 19:20:57'
}
{
  error: TypeError: rateLimiter.createLimiter is not a function
      at Object.<anonymous> (C:\Users\ASUS\interview-master\server\routes\resume.js:39:37)
      at Module._compile (node:internal/modules/cjs/loader:1364:14)
      at Module._extensions..js (node:internal/modules/cjs/loader:1422:10)
      at Module.load (node:internal/modules/cjs/loader:1203:32)
      at Module._load (node:internal/modules/cjs/loader:1019:12)
      at Module.require (node:internal/modules/cjs/loader:1231:19)
      at require (node:internal/modules/helpers:177:18)
      at Object.<anonymous> (C:\Users\ASUS\interview-master\server\index.js:947:80)
      at Module._compile (node:internal/modules/cjs/loader:1364:14)
      at Module._extensions..js (node:internal/modules/cjs/loader:1422:10),
  level: 'error',
  message: 'uncaughtException: rateLimiter.createLimiter is not a function\n' +
    'TypeError: rateLimiter.createLimiter is not a function\n' +
    '    at Object.<anonymous> (C:\\Users\\ASUS\\interview-master\\server\\routes\\resume.js:39:37)\n' +
    '    at Module._compile (node:internal/modules/cjs/loader:1364:14)\n' +
    '    at Module._extensions..js (node:internal/modules/cjs/loader:1422:10)\n' +
    '    at Module.load (node:internal/modules/cjs/loader:1203:32)\n' +
    '    at Module._load (node:internal/modules/cjs/loader:1019:12)\n' +
    '    at Module.require (node:internal/modules/cjs/loader:1231:19)\n' +
    '    at require (node:internal/modules/helpers:177:18)\n' +
    '    at Object.<anonymous> (C:\\Users\\ASUS\\interview-master\\server\\index.js:947:80)\n' +
    '    at Module._compile (node:internal/modules/cjs/loader:1364:14)\n' +
    '    at Module._extensions..js (node:internal/modules/cjs/loader:1422:10)',
  stack: 'TypeError: rateLimiter.createLimiter is not a function\n' +
    '    at Object.<anonymous> (C:\\Users\\ASUS\\interview-master\\server\\routes\\resume.js:39:37)\n' +
    '    at Module._compile (node:internal/modules/cjs/loader:1364:14)\n' +
    '    at Module._extensions..js (node:internal/modules/cjs/loader:1422:10)\n' +
    '    at Module.load (node:internal/modules/cjs/loader:1203:32)\n' +
    '    at Module._load (node:internal/modules/cjs/loader:1019:12)\n' +
    '    at Module.require (node:internal/modules/cjs/loader:1231:19)\n' +
    '    at require (node:internal/modules/helpers:177:18)\n' +
    '    at Object.<anonymous> (C:\\Users\\ASUS\\interview-master\\server\\index.js:947:80)\n' +
    '    at Module._compile (node:internal/modules/cjs/loader:1364:14)\n' +
    '    at Module._extensions..js (node:internal/modules/cjs/loader:1422:10)',
  exception: true,
  date: 'Wed Sep 03 2025 19:22:00 GMT+0530 (India Standard Time)',
  process: {
    pid: 15684,
    uid: null,
    gid: null,
    cwd: 'C:\\Users\\ASUS\\interview-master\\server',
    execPath: 'C:\\nvm4w\\nodejs\\node.exe',
    version: 'v18.20.8',
    argv: [
      'C:\\nvm4w\\nodejs\\node.exe',
      'C:\\Users\\ASUS\\interview-master\\server\\index.js'
    ],
    memoryUsage: {
      rss: 152707072,
      heapTotal: 110362624,
      heapUsed: 87061488,
      external: 40376457,
      arrayBuffers: 37502764
    }
  },
  os: { loadavg: [ 0, 0, 0 ], uptime: 630301.062 },
  trace: [
    {
      column: 37,
      file: 'C:\\Users\\ASUS\\interview-master\\server\\routes\\resume.js',
      function: null,
      line: 39,
      method: null,
      native: false
    },
    {
      column: 14,
      file: 'node:internal/modules/cjs/loader',
      function: 'Module._compile',
      line: 1364,
      method: '_compile',
      native: false
    },
    {
      column: 10,
      file: 'node:internal/modules/cjs/loader',
      function: 'Module._extensions..js',
      line: 1422,
      method: '.js',
      native: false
    },
    {
      column: 32,
      file: 'node:internal/modules/cjs/loader',
      function: 'Module.load',
      line: 1203,
      method: 'load',
      native: false
    },
    {
      column: 12,
      file: 'node:internal/modules/cjs/loader',
      function: 'Module._load',
      line: 1019,
      method: '_load',
      native: false
    },
    {
      column: 19,
      file: 'node:internal/modules/cjs/loader',
      function: 'Module.require',
      line: 1231,
      method: 'require',
      native: false
    },
    {
      column: 18,
      file: 'node:internal/modules/helpers',
      function: 'require',
      line: 177,
      method: null,
      native: false
    },
    {
      column: 80,
      file: 'C:\\Users\\ASUS\\interview-master\\server\\index.js',
      function: null,
      line: 947,
      method: null,
      native: false
    },
    {
      column: 14,
      file: 'node:internal/modules/cjs/loader',
      function: 'Module._compile',
      line: 1364,
      method: '_compile',
      native: false
    },
    {
      column: 10,
      file: 'node:internal/modules/cjs/loader',
      function: 'Module._extensions..js',
      line: 1422,
      method: '.js',
      native: false
    }
  ],
  service: 'interview-system',
  environment: 'development',
  version: '1.0.0',
  timestamp: '2025-09-03 19:22:00'
}
{
  error: TypeError: rateLimiter.createLimiter is not a function
      at Object.<anonymous> (C:\Users\ASUS\interview-master\server\routes\resume.js:39:37)
      at Module._compile (node:internal/modules/cjs/loader:1364:14)
      at Module._extensions..js (node:internal/modules/cjs/loader:1422:10)
      at Module.load (node:internal/modules/cjs/loader:1203:32)
      at Module._load (node:internal/modules/cjs/loader:1019:12)
      at Module.require (node:internal/modules/cjs/loader:1231:19)
      at require (node:internal/modules/helpers:177:18)
      at Object.<anonymous> (C:\Users\ASUS\interview-master\server\index.js:947:80)
      at Module._compile (node:internal/modules/cjs/loader:1364:14)
      at Module._extensions..js (node:internal/modules/cjs/loader:1422:10),
  level: 'error',
  message: 'uncaughtException: rateLimiter.createLimiter is not a function\n' +
    'TypeError: rateLimiter.createLimiter is not a function\n' +
    '    at Object.<anonymous> (C:\\Users\\ASUS\\interview-master\\server\\routes\\resume.js:39:37)\n' +
    '    at Module._compile (node:internal/modules/cjs/loader:1364:14)\n' +
    '    at Module._extensions..js (node:internal/modules/cjs/loader:1422:10)\n' +
    '    at Module.load (node:internal/modules/cjs/loader:1203:32)\n' +
    '    at Module._load (node:internal/modules/cjs/loader:1019:12)\n' +
    '    at Module.require (node:internal/modules/cjs/loader:1231:19)\n' +
    '    at require (node:internal/modules/helpers:177:18)\n' +
    '    at Object.<anonymous> (C:\\Users\\ASUS\\interview-master\\server\\index.js:947:80)\n' +
    '    at Module._compile (node:internal/modules/cjs/loader:1364:14)\n' +
    '    at Module._extensions..js (node:internal/modules/cjs/loader:1422:10)',
  stack: 'TypeError: rateLimiter.createLimiter is not a function\n' +
    '    at Object.<anonymous> (C:\\Users\\ASUS\\interview-master\\server\\routes\\resume.js:39:37)\n' +
    '    at Module._compile (node:internal/modules/cjs/loader:1364:14)\n' +
    '    at Module._extensions..js (node:internal/modules/cjs/loader:1422:10)\n' +
    '    at Module.load (node:internal/modules/cjs/loader:1203:32)\n' +
    '    at Module._load (node:internal/modules/cjs/loader:1019:12)\n' +
    '    at Module.require (node:internal/modules/cjs/loader:1231:19)\n' +
    '    at require (node:internal/modules/helpers:177:18)\n' +
    '    at Object.<anonymous> (C:\\Users\\ASUS\\interview-master\\server\\index.js:947:80)\n' +
    '    at Module._compile (node:internal/modules/cjs/loader:1364:14)\n' +
    '    at Module._extensions..js (node:internal/modules/cjs/loader:1422:10)',
  exception: true,
  date: 'Wed Sep 03 2025 19:22:39 GMT+0530 (India Standard Time)',
  process: {
    pid: 18488,
    uid: null,
    gid: null,
    cwd: 'C:\\Users\\ASUS\\interview-master\\server',
    execPath: 'C:\\nvm4w\\nodejs\\node.exe',
    version: 'v18.20.8',
    argv: [
      'C:\\nvm4w\\nodejs\\node.exe',
      'C:\\Users\\ASUS\\interview-master\\server\\index.js'
    ],
    memoryUsage: {
      rss: 152567808,
      heapTotal: 110362624,
      heapUsed: 87516656,
      external: 40479748,
      arrayBuffers: 37606055
    }
  },
  os: { loadavg: [ 0, 0, 0 ], uptime: 630340.14 },
  trace: [
    {
      column: 37,
      file: 'C:\\Users\\ASUS\\interview-master\\server\\routes\\resume.js',
      function: null,
      line: 39,
      method: null,
      native: false
    },
    {
      column: 14,
      file: 'node:internal/modules/cjs/loader',
      function: 'Module._compile',
      line: 1364,
      method: '_compile',
      native: false
    },
    {
      column: 10,
      file: 'node:internal/modules/cjs/loader',
      function: 'Module._extensions..js',
      line: 1422,
      method: '.js',
      native: false
    },
    {
      column: 32,
      file: 'node:internal/modules/cjs/loader',
      function: 'Module.load',
      line: 1203,
      method: 'load',
      native: false
    },
    {
      column: 12,
      file: 'node:internal/modules/cjs/loader',
      function: 'Module._load',
      line: 1019,
      method: '_load',
      native: false
    },
    {
      column: 19,
      file: 'node:internal/modules/cjs/loader',
      function: 'Module.require',
      line: 1231,
      method: 'require',
      native: false
    },
    {
      column: 18,
      file: 'node:internal/modules/helpers',
      function: 'require',
      line: 177,
      method: null,
      native: false
    },
    {
      column: 80,
      file: 'C:\\Users\\ASUS\\interview-master\\server\\index.js',
      function: null,
      line: 947,
      method: null,
      native: false
    },
    {
      column: 14,
      file: 'node:internal/modules/cjs/loader',
      function: 'Module._compile',
      line: 1364,
      method: '_compile',
      native: false
    },
    {
      column: 10,
      file: 'node:internal/modules/cjs/loader',
      function: 'Module._extensions..js',
      line: 1422,
      method: '.js',
      native: false
    }
  ],
  service: 'interview-system',
  environment: 'development',
  version: '1.0.0',
  timestamp: '2025-09-03 19:22:39'
}
{
  error: TypeError: rateLimiter.createLimiter is not a function
      at Object.<anonymous> (C:\Users\ASUS\interview-master\server\routes\resume.js:39:37)
      at Module._compile (node:internal/modules/cjs/loader:1364:14)
      at Module._extensions..js (node:internal/modules/cjs/loader:1422:10)
      at Module.load (node:internal/modules/cjs/loader:1203:32)
      at Module._load (node:internal/modules/cjs/loader:1019:12)
      at Module.require (node:internal/modules/cjs/loader:1231:19)
      at require (node:internal/modules/helpers:177:18)
      at Object.<anonymous> (C:\Users\ASUS\interview-master\server\index.js:947:80)
      at Module._compile (node:internal/modules/cjs/loader:1364:14)
      at Module._extensions..js (node:internal/modules/cjs/loader:1422:10),
  level: 'error',
  message: 'uncaughtException: rateLimiter.createLimiter is not a function\n' +
    'TypeError: rateLimiter.createLimiter is not a function\n' +
    '    at Object.<anonymous> (C:\\Users\\ASUS\\interview-master\\server\\routes\\resume.js:39:37)\n' +
    '    at Module._compile (node:internal/modules/cjs/loader:1364:14)\n' +
    '    at Module._extensions..js (node:internal/modules/cjs/loader:1422:10)\n' +
    '    at Module.load (node:internal/modules/cjs/loader:1203:32)\n' +
    '    at Module._load (node:internal/modules/cjs/loader:1019:12)\n' +
    '    at Module.require (node:internal/modules/cjs/loader:1231:19)\n' +
    '    at require (node:internal/modules/helpers:177:18)\n' +
    '    at Object.<anonymous> (C:\\Users\\ASUS\\interview-master\\server\\index.js:947:80)\n' +
    '    at Module._compile (node:internal/modules/cjs/loader:1364:14)\n' +
    '    at Module._extensions..js (node:internal/modules/cjs/loader:1422:10)',
  stack: 'TypeError: rateLimiter.createLimiter is not a function\n' +
    '    at Object.<anonymous> (C:\\Users\\ASUS\\interview-master\\server\\routes\\resume.js:39:37)\n' +
    '    at Module._compile (node:internal/modules/cjs/loader:1364:14)\n' +
    '    at Module._extensions..js (node:internal/modules/cjs/loader:1422:10)\n' +
    '    at Module.load (node:internal/modules/cjs/loader:1203:32)\n' +
    '    at Module._load (node:internal/modules/cjs/loader:1019:12)\n' +
    '    at Module.require (node:internal/modules/cjs/loader:1231:19)\n' +
    '    at require (node:internal/modules/helpers:177:18)\n' +
    '    at Object.<anonymous> (C:\\Users\\ASUS\\interview-master\\server\\index.js:947:80)\n' +
    '    at Module._compile (node:internal/modules/cjs/loader:1364:14)\n' +
    '    at Module._extensions..js (node:internal/modules/cjs/loader:1422:10)',
  exception: true,
  date: 'Wed Sep 03 2025 19:23:23 GMT+0530 (India Standard Time)',
  process: {
    pid: 17328,
    uid: null,
    gid: null,
    cwd: 'C:\\Users\\ASUS\\interview-master\\server',
    execPath: 'C:\\nvm4w\\nodejs\\node.exe',
    version: 'v18.20.8',
    argv: [
      'C:\\nvm4w\\nodejs\\node.exe',
      'C:\\Users\\ASUS\\interview-master\\server\\index.js'
    ],
    memoryUsage: {
      rss: 152240128,
      heapTotal: 110100480,
      heapUsed: 87415864,
      external: 40472839,
      arrayBuffers: 37599146
    }
  },
  os: { loadavg: [ 0, 0, 0 ], uptime: 630383.843 },
  trace: [
    {
      column: 37,
      file: 'C:\\Users\\ASUS\\interview-master\\server\\routes\\resume.js',
      function: null,
      line: 39,
      method: null,
      native: false
    },
    {
      column: 14,
      file: 'node:internal/modules/cjs/loader',
      function: 'Module._compile',
      line: 1364,
      method: '_compile',
      native: false
    },
    {
      column: 10,
      file: 'node:internal/modules/cjs/loader',
      function: 'Module._extensions..js',
      line: 1422,
      method: '.js',
      native: false
    },
    {
      column: 32,
      file: 'node:internal/modules/cjs/loader',
      function: 'Module.load',
      line: 1203,
      method: 'load',
      native: false
    },
    {
      column: 12,
      file: 'node:internal/modules/cjs/loader',
      function: 'Module._load',
      line: 1019,
      method: '_load',
      native: false
    },
    {
      column: 19,
      file: 'node:internal/modules/cjs/loader',
      function: 'Module.require',
      line: 1231,
      method: 'require',
      native: false
    },
    {
      column: 18,
      file: 'node:internal/modules/helpers',
      function: 'require',
      line: 177,
      method: null,
      native: false
    },
    {
      column: 80,
      file: 'C:\\Users\\ASUS\\interview-master\\server\\index.js',
      function: null,
      line: 947,
      method: null,
      native: false
    },
    {
      column: 14,
      file: 'node:internal/modules/cjs/loader',
      function: 'Module._compile',
      line: 1364,
      method: '_compile',
      native: false
    },
    {
      column: 10,
      file: 'node:internal/modules/cjs/loader',
      function: 'Module._extensions..js',
      line: 1422,
      method: '.js',
      native: false
    }
  ],
  service: 'interview-system',
  environment: 'development',
  version: '1.0.0',
  timestamp: '2025-09-03 19:23:23'
}
{
  error: TypeError: rateLimiter.createLimiter is not a function
      at Object.<anonymous> (C:\Users\ASUS\interview-master\server\routes\resume.js:39:37)
      at Module._compile (node:internal/modules/cjs/loader:1364:14)
      at Module._extensions..js (node:internal/modules/cjs/loader:1422:10)
      at Module.load (node:internal/modules/cjs/loader:1203:32)
      at Module._load (node:internal/modules/cjs/loader:1019:12)
      at Module.require (node:internal/modules/cjs/loader:1231:19)
      at require (node:internal/modules/helpers:177:18)
      at Object.<anonymous> (C:\Users\ASUS\interview-master\server\index.js:947:80)
      at Module._compile (node:internal/modules/cjs/loader:1364:14)
      at Module._extensions..js (node:internal/modules/cjs/loader:1422:10),
  level: 'error',
  message: 'uncaughtException: rateLimiter.createLimiter is not a function\n' +
    'TypeError: rateLimiter.createLimiter is not a function\n' +
    '    at Object.<anonymous> (C:\\Users\\ASUS\\interview-master\\server\\routes\\resume.js:39:37)\n' +
    '    at Module._compile (node:internal/modules/cjs/loader:1364:14)\n' +
    '    at Module._extensions..js (node:internal/modules/cjs/loader:1422:10)\n' +
    '    at Module.load (node:internal/modules/cjs/loader:1203:32)\n' +
    '    at Module._load (node:internal/modules/cjs/loader:1019:12)\n' +
    '    at Module.require (node:internal/modules/cjs/loader:1231:19)\n' +
    '    at require (node:internal/modules/helpers:177:18)\n' +
    '    at Object.<anonymous> (C:\\Users\\ASUS\\interview-master\\server\\index.js:947:80)\n' +
    '    at Module._compile (node:internal/modules/cjs/loader:1364:14)\n' +
    '    at Module._extensions..js (node:internal/modules/cjs/loader:1422:10)',
  stack: 'TypeError: rateLimiter.createLimiter is not a function\n' +
    '    at Object.<anonymous> (C:\\Users\\ASUS\\interview-master\\server\\routes\\resume.js:39:37)\n' +
    '    at Module._compile (node:internal/modules/cjs/loader:1364:14)\n' +
    '    at Module._extensions..js (node:internal/modules/cjs/loader:1422:10)\n' +
    '    at Module.load (node:internal/modules/cjs/loader:1203:32)\n' +
    '    at Module._load (node:internal/modules/cjs/loader:1019:12)\n' +
    '    at Module.require (node:internal/modules/cjs/loader:1231:19)\n' +
    '    at require (node:internal/modules/helpers:177:18)\n' +
    '    at Object.<anonymous> (C:\\Users\\ASUS\\interview-master\\server\\index.js:947:80)\n' +
    '    at Module._compile (node:internal/modules/cjs/loader:1364:14)\n' +
    '    at Module._extensions..js (node:internal/modules/cjs/loader:1422:10)',
  exception: true,
  date: 'Wed Sep 03 2025 19:24:16 GMT+0530 (India Standard Time)',
  process: {
    pid: 27532,
    uid: null,
    gid: null,
    cwd: 'C:\\Users\\ASUS\\interview-master\\server',
    execPath: 'C:\\nvm4w\\nodejs\\node.exe',
    version: 'v18.20.8',
    argv: [
      'C:\\nvm4w\\nodejs\\node.exe',
      'C:\\Users\\ASUS\\interview-master\\server\\index.js'
    ],
    memoryUsage: {
      rss: 152211456,
      heapTotal: 110100480,
      heapUsed: 87263344,
      external: 40442773,
      arrayBuffers: 37569080
    }
  },
  os: { loadavg: [ 0, 0, 0 ], uptime: 630437.109 },
  trace: [
    {
      column: 37,
      file: 'C:\\Users\\ASUS\\interview-master\\server\\routes\\resume.js',
      function: null,
      line: 39,
      method: null,
      native: false
    },
    {
      column: 14,
      file: 'node:internal/modules/cjs/loader',
      function: 'Module._compile',
      line: 1364,
      method: '_compile',
      native: false
    },
    {
      column: 10,
      file: 'node:internal/modules/cjs/loader',
      function: 'Module._extensions..js',
      line: 1422,
      method: '.js',
      native: false
    },
    {
      column: 32,
      file: 'node:internal/modules/cjs/loader',
      function: 'Module.load',
      line: 1203,
      method: 'load',
      native: false
    },
    {
      column: 12,
      file: 'node:internal/modules/cjs/loader',
      function: 'Module._load',
      line: 1019,
      method: '_load',
      native: false
    },
    {
      column: 19,
      file: 'node:internal/modules/cjs/loader',
      function: 'Module.require',
      line: 1231,
      method: 'require',
      native: false
    },
    {
      column: 18,
      file: 'node:internal/modules/helpers',
      function: 'require',
      line: 177,
      method: null,
      native: false
    },
    {
      column: 80,
      file: 'C:\\Users\\ASUS\\interview-master\\server\\index.js',
      function: null,
      line: 947,
      method: null,
      native: false
    },
    {
      column: 14,
      file: 'node:internal/modules/cjs/loader',
      function: 'Module._compile',
      line: 1364,
      method: '_compile',
      native: false
    },
    {
      column: 10,
      file: 'node:internal/modules/cjs/loader',
      function: 'Module._extensions..js',
      line: 1422,
      method: '.js',
      native: false
    }
  ],
  service: 'interview-system',
  environment: 'development',
  version: '1.0.0',
  timestamp: '2025-09-03 19:24:16'
}
{
  error: TypeError: rateLimiter.createLimiter is not a function
      at Object.<anonymous> (C:\Users\ASUS\interview-master\server\routes\resume.js:39:37)
      at Module._compile (node:internal/modules/cjs/loader:1364:14)
      at Module._extensions..js (node:internal/modules/cjs/loader:1422:10)
      at Module.load (node:internal/modules/cjs/loader:1203:32)
      at Module._load (node:internal/modules/cjs/loader:1019:12)
      at Module.require (node:internal/modules/cjs/loader:1231:19)
      at require (node:internal/modules/helpers:177:18)
      at Object.<anonymous> (C:\Users\ASUS\interview-master\server\index.js:947:80)
      at Module._compile (node:internal/modules/cjs/loader:1364:14)
      at Module._extensions..js (node:internal/modules/cjs/loader:1422:10),
  level: 'error',
  message: 'uncaughtException: rateLimiter.createLimiter is not a function\n' +
    'TypeError: rateLimiter.createLimiter is not a function\n' +
    '    at Object.<anonymous> (C:\\Users\\ASUS\\interview-master\\server\\routes\\resume.js:39:37)\n' +
    '    at Module._compile (node:internal/modules/cjs/loader:1364:14)\n' +
    '    at Module._extensions..js (node:internal/modules/cjs/loader:1422:10)\n' +
    '    at Module.load (node:internal/modules/cjs/loader:1203:32)\n' +
    '    at Module._load (node:internal/modules/cjs/loader:1019:12)\n' +
    '    at Module.require (node:internal/modules/cjs/loader:1231:19)\n' +
    '    at require (node:internal/modules/helpers:177:18)\n' +
    '    at Object.<anonymous> (C:\\Users\\ASUS\\interview-master\\server\\index.js:947:80)\n' +
    '    at Module._compile (node:internal/modules/cjs/loader:1364:14)\n' +
    '    at Module._extensions..js (node:internal/modules/cjs/loader:1422:10)',
  stack: 'TypeError: rateLimiter.createLimiter is not a function\n' +
    '    at Object.<anonymous> (C:\\Users\\ASUS\\interview-master\\server\\routes\\resume.js:39:37)\n' +
    '    at Module._compile (node:internal/modules/cjs/loader:1364:14)\n' +
    '    at Module._extensions..js (node:internal/modules/cjs/loader:1422:10)\n' +
    '    at Module.load (node:internal/modules/cjs/loader:1203:32)\n' +
    '    at Module._load (node:internal/modules/cjs/loader:1019:12)\n' +
    '    at Module.require (node:internal/modules/cjs/loader:1231:19)\n' +
    '    at require (node:internal/modules/helpers:177:18)\n' +
    '    at Object.<anonymous> (C:\\Users\\ASUS\\interview-master\\server\\index.js:947:80)\n' +
    '    at Module._compile (node:internal/modules/cjs/loader:1364:14)\n' +
    '    at Module._extensions..js (node:internal/modules/cjs/loader:1422:10)',
  exception: true,
  date: 'Wed Sep 03 2025 19:24:58 GMT+0530 (India Standard Time)',
  process: {
    pid: 7616,
    uid: null,
    gid: null,
    cwd: 'C:\\Users\\ASUS\\interview-master\\server',
    execPath: 'C:\\nvm4w\\nodejs\\node.exe',
    version: 'v18.20.8',
    argv: [
      'C:\\nvm4w\\nodejs\\node.exe',
      'C:\\Users\\ASUS\\interview-master\\server\\index.js'
    ],
    memoryUsage: {
      rss: 152121344,
      heapTotal: 110100480,
      heapUsed: 87361368,
      external: 40450964,
      arrayBuffers: 37577271
    }
  },
  os: { loadavg: [ 0, 0, 0 ], uptime: 630479.078 },
  trace: [
    {
      column: 37,
      file: 'C:\\Users\\ASUS\\interview-master\\server\\routes\\resume.js',
      function: null,
      line: 39,
      method: null,
      native: false
    },
    {
      column: 14,
      file: 'node:internal/modules/cjs/loader',
      function: 'Module._compile',
      line: 1364,
      method: '_compile',
      native: false
    },
    {
      column: 10,
      file: 'node:internal/modules/cjs/loader',
      function: 'Module._extensions..js',
      line: 1422,
      method: '.js',
      native: false
    },
    {
      column: 32,
      file: 'node:internal/modules/cjs/loader',
      function: 'Module.load',
      line: 1203,
      method: 'load',
      native: false
    },
    {
      column: 12,
      file: 'node:internal/modules/cjs/loader',
      function: 'Module._load',
      line: 1019,
      method: '_load',
      native: false
    },
    {
      column: 19,
      file: 'node:internal/modules/cjs/loader',
      function: 'Module.require',
      line: 1231,
      method: 'require',
      native: false
    },
    {
      column: 18,
      file: 'node:internal/modules/helpers',
      function: 'require',
      line: 177,
      method: null,
      native: false
    },
    {
      column: 80,
      file: 'C:\\Users\\ASUS\\interview-master\\server\\index.js',
      function: null,
      line: 947,
      method: null,
      native: false
    },
    {
      column: 14,
      file: 'node:internal/modules/cjs/loader',
      function: 'Module._compile',
      line: 1364,
      method: '_compile',
      native: false
    },
    {
      column: 10,
      file: 'node:internal/modules/cjs/loader',
      function: 'Module._extensions..js',
      line: 1422,
      method: '.js',
      native: false
    }
  ],
  service: 'interview-system',
  environment: 'development',
  version: '1.0.0',
  timestamp: '2025-09-03 19:24:58'
}
{
  error: TypeError: rateLimiter.createLimiter is not a function
      at Object.<anonymous> (C:\Users\ASUS\interview-master\server\routes\resume.js:39:37)
      at Module._compile (node:internal/modules/cjs/loader:1364:14)
      at Module._extensions..js (node:internal/modules/cjs/loader:1422:10)
      at Module.load (node:internal/modules/cjs/loader:1203:32)
      at Module._load (node:internal/modules/cjs/loader:1019:12)
      at Module.require (node:internal/modules/cjs/loader:1231:19)
      at require (node:internal/modules/helpers:177:18)
      at Object.<anonymous> (C:\Users\ASUS\interview-master\server\index.js:947:80)
      at Module._compile (node:internal/modules/cjs/loader:1364:14)
      at Module._extensions..js (node:internal/modules/cjs/loader:1422:10),
  level: 'error',
  message: 'uncaughtException: rateLimiter.createLimiter is not a function\n' +
    'TypeError: rateLimiter.createLimiter is not a function\n' +
    '    at Object.<anonymous> (C:\\Users\\ASUS\\interview-master\\server\\routes\\resume.js:39:37)\n' +
    '    at Module._compile (node:internal/modules/cjs/loader:1364:14)\n' +
    '    at Module._extensions..js (node:internal/modules/cjs/loader:1422:10)\n' +
    '    at Module.load (node:internal/modules/cjs/loader:1203:32)\n' +
    '    at Module._load (node:internal/modules/cjs/loader:1019:12)\n' +
    '    at Module.require (node:internal/modules/cjs/loader:1231:19)\n' +
    '    at require (node:internal/modules/helpers:177:18)\n' +
    '    at Object.<anonymous> (C:\\Users\\ASUS\\interview-master\\server\\index.js:947:80)\n' +
    '    at Module._compile (node:internal/modules/cjs/loader:1364:14)\n' +
    '    at Module._extensions..js (node:internal/modules/cjs/loader:1422:10)',
  stack: 'TypeError: rateLimiter.createLimiter is not a function\n' +
    '    at Object.<anonymous> (C:\\Users\\ASUS\\interview-master\\server\\routes\\resume.js:39:37)\n' +
    '    at Module._compile (node:internal/modules/cjs/loader:1364:14)\n' +
    '    at Module._extensions..js (node:internal/modules/cjs/loader:1422:10)\n' +
    '    at Module.load (node:internal/modules/cjs/loader:1203:32)\n' +
    '    at Module._load (node:internal/modules/cjs/loader:1019:12)\n' +
    '    at Module.require (node:internal/modules/cjs/loader:1231:19)\n' +
    '    at require (node:internal/modules/helpers:177:18)\n' +
    '    at Object.<anonymous> (C:\\Users\\ASUS\\interview-master\\server\\index.js:947:80)\n' +
    '    at Module._compile (node:internal/modules/cjs/loader:1364:14)\n' +
    '    at Module._extensions..js (node:internal/modules/cjs/loader:1422:10)',
  exception: true,
  date: 'Wed Sep 03 2025 19:26:34 GMT+0530 (India Standard Time)',
  process: {
    pid: 20608,
    uid: null,
    gid: null,
    cwd: 'C:\\Users\\ASUS\\interview-master\\server',
    execPath: 'C:\\nvm4w\\nodejs\\node.exe',
    version: 'v18.20.8',
    argv: [
      'C:\\nvm4w\\nodejs\\node.exe',
      'C:\\Users\\ASUS\\interview-master\\server\\index.js'
    ],
    memoryUsage: {
      rss: 152449024,
      heapTotal: 110100480,
      heapUsed: 87207304,
      external: 40429306,
      arrayBuffers: 37555613
    }
  },
  os: { loadavg: [ 0, 0, 0 ], uptime: 630574.968 },
  trace: [
    {
      column: 37,
      file: 'C:\\Users\\ASUS\\interview-master\\server\\routes\\resume.js',
      function: null,
      line: 39,
      method: null,
      native: false
    },
    {
      column: 14,
      file: 'node:internal/modules/cjs/loader',
      function: 'Module._compile',
      line: 1364,
      method: '_compile',
      native: false
    },
    {
      column: 10,
      file: 'node:internal/modules/cjs/loader',
      function: 'Module._extensions..js',
      line: 1422,
      method: '.js',
      native: false
    },
    {
      column: 32,
      file: 'node:internal/modules/cjs/loader',
      function: 'Module.load',
      line: 1203,
      method: 'load',
      native: false
    },
    {
      column: 12,
      file: 'node:internal/modules/cjs/loader',
      function: 'Module._load',
      line: 1019,
      method: '_load',
      native: false
    },
    {
      column: 19,
      file: 'node:internal/modules/cjs/loader',
      function: 'Module.require',
      line: 1231,
      method: 'require',
      native: false
    },
    {
      column: 18,
      file: 'node:internal/modules/helpers',
      function: 'require',
      line: 177,
      method: null,
      native: false
    },
    {
      column: 80,
      file: 'C:\\Users\\ASUS\\interview-master\\server\\index.js',
      function: null,
      line: 947,
      method: null,
      native: false
    },
    {
      column: 14,
      file: 'node:internal/modules/cjs/loader',
      function: 'Module._compile',
      line: 1364,
      method: '_compile',
      native: false
    },
    {
      column: 10,
      file: 'node:internal/modules/cjs/loader',
      function: 'Module._extensions..js',
      line: 1422,
      method: '.js',
      native: false
    }
  ],
  service: 'interview-system',
  environment: 'development',
  version: '1.0.0',
  timestamp: '2025-09-03 19:26:34'
}
{
  error: TypeError: rateLimiter.createLimiter is not a function
      at Object.<anonymous> (C:\Users\ASUS\interview-master\server\routes\resume.js:39:37)
      at Module._compile (node:internal/modules/cjs/loader:1364:14)
      at Module._extensions..js (node:internal/modules/cjs/loader:1422:10)
      at Module.load (node:internal/modules/cjs/loader:1203:32)
      at Module._load (node:internal/modules/cjs/loader:1019:12)
      at Module.require (node:internal/modules/cjs/loader:1231:19)
      at require (node:internal/modules/helpers:177:18)
      at Object.<anonymous> (C:\Users\ASUS\interview-master\server\index.js:947:80)
      at Module._compile (node:internal/modules/cjs/loader:1364:14)
      at Module._extensions..js (node:internal/modules/cjs/loader:1422:10),
  level: 'error',
  message: 'uncaughtException: rateLimiter.createLimiter is not a function\n' +
    'TypeError: rateLimiter.createLimiter is not a function\n' +
    '    at Object.<anonymous> (C:\\Users\\ASUS\\interview-master\\server\\routes\\resume.js:39:37)\n' +
    '    at Module._compile (node:internal/modules/cjs/loader:1364:14)\n' +
    '    at Module._extensions..js (node:internal/modules/cjs/loader:1422:10)\n' +
    '    at Module.load (node:internal/modules/cjs/loader:1203:32)\n' +
    '    at Module._load (node:internal/modules/cjs/loader:1019:12)\n' +
    '    at Module.require (node:internal/modules/cjs/loader:1231:19)\n' +
    '    at require (node:internal/modules/helpers:177:18)\n' +
    '    at Object.<anonymous> (C:\\Users\\ASUS\\interview-master\\server\\index.js:947:80)\n' +
    '    at Module._compile (node:internal/modules/cjs/loader:1364:14)\n' +
    '    at Module._extensions..js (node:internal/modules/cjs/loader:1422:10)',
  stack: 'TypeError: rateLimiter.createLimiter is not a function\n' +
    '    at Object.<anonymous> (C:\\Users\\ASUS\\interview-master\\server\\routes\\resume.js:39:37)\n' +
    '    at Module._compile (node:internal/modules/cjs/loader:1364:14)\n' +
    '    at Module._extensions..js (node:internal/modules/cjs/loader:1422:10)\n' +
    '    at Module.load (node:internal/modules/cjs/loader:1203:32)\n' +
    '    at Module._load (node:internal/modules/cjs/loader:1019:12)\n' +
    '    at Module.require (node:internal/modules/cjs/loader:1231:19)\n' +
    '    at require (node:internal/modules/helpers:177:18)\n' +
    '    at Object.<anonymous> (C:\\Users\\ASUS\\interview-master\\server\\index.js:947:80)\n' +
    '    at Module._compile (node:internal/modules/cjs/loader:1364:14)\n' +
    '    at Module._extensions..js (node:internal/modules/cjs/loader:1422:10)',
  exception: true,
  date: 'Wed Sep 03 2025 19:27:17 GMT+0530 (India Standard Time)',
  process: {
    pid: 17052,
    uid: null,
    gid: null,
    cwd: 'C:\\Users\\ASUS\\interview-master\\server',
    execPath: 'C:\\nvm4w\\nodejs\\node.exe',
    version: 'v18.20.8',
    argv: [
      'C:\\nvm4w\\nodejs\\node.exe',
      'C:\\Users\\ASUS\\interview-master\\server\\index.js'
    ],
    memoryUsage: {
      rss: 152145920,
      heapTotal: 110100480,
      heapUsed: 87367392,
      external: 40442558,
      arrayBuffers: 37568865
    }
  },
  os: { loadavg: [ 0, 0, 0 ], uptime: 630618.093 },
  trace: [
    {
      column: 37,
      file: 'C:\\Users\\ASUS\\interview-master\\server\\routes\\resume.js',
      function: null,
      line: 39,
      method: null,
      native: false
    },
    {
      column: 14,
      file: 'node:internal/modules/cjs/loader',
      function: 'Module._compile',
      line: 1364,
      method: '_compile',
      native: false
    },
    {
      column: 10,
      file: 'node:internal/modules/cjs/loader',
      function: 'Module._extensions..js',
      line: 1422,
      method: '.js',
      native: false
    },
    {
      column: 32,
      file: 'node:internal/modules/cjs/loader',
      function: 'Module.load',
      line: 1203,
      method: 'load',
      native: false
    },
    {
      column: 12,
      file: 'node:internal/modules/cjs/loader',
      function: 'Module._load',
      line: 1019,
      method: '_load',
      native: false
    },
    {
      column: 19,
      file: 'node:internal/modules/cjs/loader',
      function: 'Module.require',
      line: 1231,
      method: 'require',
      native: false
    },
    {
      column: 18,
      file: 'node:internal/modules/helpers',
      function: 'require',
      line: 177,
      method: null,
      native: false
    },
    {
      column: 80,
      file: 'C:\\Users\\ASUS\\interview-master\\server\\index.js',
      function: null,
      line: 947,
      method: null,
      native: false
    },
    {
      column: 14,
      file: 'node:internal/modules/cjs/loader',
      function: 'Module._compile',
      line: 1364,
      method: '_compile',
      native: false
    },
    {
      column: 10,
      file: 'node:internal/modules/cjs/loader',
      function: 'Module._extensions..js',
      line: 1422,
      method: '.js',
      native: false
    }
  ],
  service: 'interview-system',
  environment: 'development',
  version: '1.0.0',
  timestamp: '2025-09-03 19:27:17'
}
{
  error: TypeError: rateLimiter.createLimiter is not a function
      at Object.<anonymous> (C:\Users\ASUS\interview-master\server\routes\resume.js:39:37)
      at Module._compile (node:internal/modules/cjs/loader:1364:14)
      at Module._extensions..js (node:internal/modules/cjs/loader:1422:10)
      at Module.load (node:internal/modules/cjs/loader:1203:32)
      at Module._load (node:internal/modules/cjs/loader:1019:12)
      at Module.require (node:internal/modules/cjs/loader:1231:19)
      at require (node:internal/modules/helpers:177:18)
      at Object.<anonymous> (C:\Users\ASUS\interview-master\server\index.js:947:80)
      at Module._compile (node:internal/modules/cjs/loader:1364:14)
      at Module._extensions..js (node:internal/modules/cjs/loader:1422:10),
  level: 'error',
  message: 'uncaughtException: rateLimiter.createLimiter is not a function\n' +
    'TypeError: rateLimiter.createLimiter is not a function\n' +
    '    at Object.<anonymous> (C:\\Users\\ASUS\\interview-master\\server\\routes\\resume.js:39:37)\n' +
    '    at Module._compile (node:internal/modules/cjs/loader:1364:14)\n' +
    '    at Module._extensions..js (node:internal/modules/cjs/loader:1422:10)\n' +
    '    at Module.load (node:internal/modules/cjs/loader:1203:32)\n' +
    '    at Module._load (node:internal/modules/cjs/loader:1019:12)\n' +
    '    at Module.require (node:internal/modules/cjs/loader:1231:19)\n' +
    '    at require (node:internal/modules/helpers:177:18)\n' +
    '    at Object.<anonymous> (C:\\Users\\ASUS\\interview-master\\server\\index.js:947:80)\n' +
    '    at Module._compile (node:internal/modules/cjs/loader:1364:14)\n' +
    '    at Module._extensions..js (node:internal/modules/cjs/loader:1422:10)',
  stack: 'TypeError: rateLimiter.createLimiter is not a function\n' +
    '    at Object.<anonymous> (C:\\Users\\ASUS\\interview-master\\server\\routes\\resume.js:39:37)\n' +
    '    at Module._compile (node:internal/modules/cjs/loader:1364:14)\n' +
    '    at Module._extensions..js (node:internal/modules/cjs/loader:1422:10)\n' +
    '    at Module.load (node:internal/modules/cjs/loader:1203:32)\n' +
    '    at Module._load (node:internal/modules/cjs/loader:1019:12)\n' +
    '    at Module.require (node:internal/modules/cjs/loader:1231:19)\n' +
    '    at require (node:internal/modules/helpers:177:18)\n' +
    '    at Object.<anonymous> (C:\\Users\\ASUS\\interview-master\\server\\index.js:947:80)\n' +
    '    at Module._compile (node:internal/modules/cjs/loader:1364:14)\n' +
    '    at Module._extensions..js (node:internal/modules/cjs/loader:1422:10)',
  exception: true,
  date: 'Wed Sep 03 2025 19:27:27 GMT+0530 (India Standard Time)',
  process: {
    pid: 17124,
    uid: null,
    gid: null,
    cwd: 'C:\\Users\\ASUS\\interview-master\\server',
    execPath: 'C:\\nvm4w\\nodejs\\node.exe',
    version: 'v18.20.8',
    argv: [
      'C:\\nvm4w\\nodejs\\node.exe',
      'C:\\Users\\ASUS\\interview-master\\server\\index.js'
    ],
    memoryUsage: {
      rss: 151838720,
      heapTotal: 109838336,
      heapUsed: 87274824,
      external: 40442558,
      arrayBuffers: 37568865
    }
  },
  os: { loadavg: [ 0, 0, 0 ], uptime: 630628.093 },
  trace: [
    {
      column: 37,
      file: 'C:\\Users\\ASUS\\interview-master\\server\\routes\\resume.js',
      function: null,
      line: 39,
      method: null,
      native: false
    },
    {
      column: 14,
      file: 'node:internal/modules/cjs/loader',
      function: 'Module._compile',
      line: 1364,
      method: '_compile',
      native: false
    },
    {
      column: 10,
      file: 'node:internal/modules/cjs/loader',
      function: 'Module._extensions..js',
      line: 1422,
      method: '.js',
      native: false
    },
    {
      column: 32,
      file: 'node:internal/modules/cjs/loader',
      function: 'Module.load',
      line: 1203,
      method: 'load',
      native: false
    },
    {
      column: 12,
      file: 'node:internal/modules/cjs/loader',
      function: 'Module._load',
      line: 1019,
      method: '_load',
      native: false
    },
    {
      column: 19,
      file: 'node:internal/modules/cjs/loader',
      function: 'Module.require',
      line: 1231,
      method: 'require',
      native: false
    },
    {
      column: 18,
      file: 'node:internal/modules/helpers',
      function: 'require',
      line: 177,
      method: null,
      native: false
    },
    {
      column: 80,
      file: 'C:\\Users\\ASUS\\interview-master\\server\\index.js',
      function: null,
      line: 947,
      method: null,
      native: false
    },
    {
      column: 14,
      file: 'node:internal/modules/cjs/loader',
      function: 'Module._compile',
      line: 1364,
      method: '_compile',
      native: false
    },
    {
      column: 10,
      file: 'node:internal/modules/cjs/loader',
      function: 'Module._extensions..js',
      line: 1422,
      method: '.js',
      native: false
    }
  ],
  service: 'interview-system',
  environment: 'development',
  version: '1.0.0',
  timestamp: '2025-09-03 19:27:27'
}
